
*** Running vivado
    with args -log snake_hw_wrapper.vds -m64 -product Vivado -mode batch -messageDb vivado.pb -notrace -source snake_hw_wrapper.tcl


****** Vivado v2017.4 (64-bit)
  **** SW Build 2086221 on Fri Dec 15 20:55:39 MST 2017
  **** IP Build 2085800 on Fri Dec 15 22:25:07 MST 2017
    ** Copyright 1986-2017 Xilinx, Inc. All Rights Reserved.

source snake_hw_wrapper.tcl -notrace
INFO: [IP_Flow 19-234] Refreshing IP repositories
INFO: [IP_Flow 19-1704] No user IP repositories specified
INFO: [IP_Flow 19-2313] Loaded Vivado IP repository 'C:/Xilinx/Vivado/2017.4/data/ip'.
add_files: Time (s): cpu = 00:00:04 ; elapsed = 00:00:06 . Memory (MB): peak = 273.305 ; gain = 46.586
Command: synth_design -top snake_hw_wrapper -part xc7k70tfbg676-1
Starting synth_design
Attempting to get a license for feature 'Synthesis' and/or device 'xc7k70t'
INFO: [Common 17-349] Got license for feature 'Synthesis' and/or device 'xc7k70t'
INFO: Launching helper process for spawning children vivado processes
INFO: Helper process launched with PID 4592 
---------------------------------------------------------------------------------
Starting RTL Elaboration : Time (s): cpu = 00:00:06 ; elapsed = 00:00:06 . Memory (MB): peak = 383.078 ; gain = 102.855
---------------------------------------------------------------------------------
INFO: [Synth 8-638] synthesizing module 'snake_hw_wrapper' [W:/snake/project_1/project_1.srcs/sources_1/bd/snake_hw/hdl/snake_hw_wrapper.v:12]
INFO: [Synth 8-638] synthesizing module 'snake_hw' [W:/snake/project_1/project_1.srcs/sources_1/bd/snake_hw/synth/snake_hw.v:789]
INFO: [Synth 8-638] synthesizing module 'snake_hw_VGA_transmitter_0_1' [W:/snake/project_1/project_1.runs/synth_1/.Xil/Vivado-6556-Windows_Bence/realtime/snake_hw_VGA_transmitter_0_1_stub.v:6]
INFO: [Synth 8-256] done synthesizing module 'snake_hw_VGA_transmitter_0_1' (1#1) [W:/snake/project_1/project_1.runs/synth_1/.Xil/Vivado-6556-Windows_Bence/realtime/snake_hw_VGA_transmitter_0_1_stub.v:6]
WARNING: [Synth 8-350] instance 'VGA_transmitter_0' of module 'snake_hw_VGA_transmitter_0_1' requires 10 connections, but only 7 given [W:/snake/project_1/project_1.srcs/sources_1/bd/snake_hw/synth/snake_hw.v:948]
INFO: [Synth 8-638] synthesizing module 'snake_hw_axi_gpio_0_0' [W:/snake/project_1/project_1.runs/synth_1/.Xil/Vivado-6556-Windows_Bence/realtime/snake_hw_axi_gpio_0_0_stub.v:6]
INFO: [Synth 8-256] done synthesizing module 'snake_hw_axi_gpio_0_0' (2#1) [W:/snake/project_1/project_1.runs/synth_1/.Xil/Vivado-6556-Windows_Bence/realtime/snake_hw_axi_gpio_0_0_stub.v:6]
INFO: [Synth 8-638] synthesizing module 'snake_hw_axi_uartlite_0_1' [W:/snake/project_1/project_1.runs/synth_1/.Xil/Vivado-6556-Windows_Bence/realtime/snake_hw_axi_uartlite_0_1_stub.v:6]
INFO: [Synth 8-256] done synthesizing module 'snake_hw_axi_uartlite_0_1' (3#1) [W:/snake/project_1/project_1.runs/synth_1/.Xil/Vivado-6556-Windows_Bence/realtime/snake_hw_axi_uartlite_0_1_stub.v:6]
INFO: [Synth 8-638] synthesizing module 'snake_hw_c_counter_binary_0_0' [W:/snake/project_1/project_1.runs/synth_1/.Xil/Vivado-6556-Windows_Bence/realtime/snake_hw_c_counter_binary_0_0_stub.v:6]
INFO: [Synth 8-256] done synthesizing module 'snake_hw_c_counter_binary_0_0' (4#1) [W:/snake/project_1/project_1.runs/synth_1/.Xil/Vivado-6556-Windows_Bence/realtime/snake_hw_c_counter_binary_0_0_stub.v:6]
INFO: [Synth 8-638] synthesizing module 'snake_hw_clk_wiz_1_1' [W:/snake/project_1/project_1.runs/synth_1/.Xil/Vivado-6556-Windows_Bence/realtime/snake_hw_clk_wiz_1_1_stub.v:5]
INFO: [Synth 8-256] done synthesizing module 'snake_hw_clk_wiz_1_1' (5#1) [W:/snake/project_1/project_1.runs/synth_1/.Xil/Vivado-6556-Windows_Bence/realtime/snake_hw_clk_wiz_1_1_stub.v:5]
INFO: [Synth 8-638] synthesizing module 'snake_hw_mdm_1_1' [W:/snake/project_1/project_1.runs/synth_1/.Xil/Vivado-6556-Windows_Bence/realtime/snake_hw_mdm_1_1_stub.v:6]
INFO: [Synth 8-256] done synthesizing module 'snake_hw_mdm_1_1' (6#1) [W:/snake/project_1/project_1.runs/synth_1/.Xil/Vivado-6556-Windows_Bence/realtime/snake_hw_mdm_1_1_stub.v:6]
INFO: [Synth 8-638] synthesizing module 'snake_hw_microblaze_0_0' [W:/snake/project_1/project_1.runs/synth_1/.Xil/Vivado-6556-Windows_Bence/realtime/snake_hw_microblaze_0_0_stub.v:6]
INFO: [Synth 8-256] done synthesizing module 'snake_hw_microblaze_0_0' (7#1) [W:/snake/project_1/project_1.runs/synth_1/.Xil/Vivado-6556-Windows_Bence/realtime/snake_hw_microblaze_0_0_stub.v:6]
INFO: [Synth 8-638] synthesizing module 'snake_hw_microblaze_0_axi_intc_0' [W:/snake/project_1/project_1.runs/synth_1/.Xil/Vivado-6556-Windows_Bence/realtime/snake_hw_microblaze_0_axi_intc_0_stub.v:6]
INFO: [Synth 8-256] done synthesizing module 'snake_hw_microblaze_0_axi_intc_0' (8#1) [W:/snake/project_1/project_1.runs/synth_1/.Xil/Vivado-6556-Windows_Bence/realtime/snake_hw_microblaze_0_axi_intc_0_stub.v:6]
INFO: [Synth 8-638] synthesizing module 'snake_hw_microblaze_0_axi_periph_1' [W:/snake/project_1/project_1.srcs/sources_1/bd/snake_hw/synth/snake_hw.v:1221]
INFO: [Synth 8-638] synthesizing module 'm00_couplers_imp_1PWQS49' [W:/snake/project_1/project_1.srcs/sources_1/bd/snake_hw/synth/snake_hw.v:12]
INFO: [Synth 8-256] done synthesizing module 'm00_couplers_imp_1PWQS49' (9#1) [W:/snake/project_1/project_1.srcs/sources_1/bd/snake_hw/synth/snake_hw.v:12]
INFO: [Synth 8-638] synthesizing module 'm01_couplers_imp_DFXYYG' [W:/snake/project_1/project_1.srcs/sources_1/bd/snake_hw/synth/snake_hw.v:144]
INFO: [Synth 8-256] done synthesizing module 'm01_couplers_imp_DFXYYG' (10#1) [W:/snake/project_1/project_1.srcs/sources_1/bd/snake_hw/synth/snake_hw.v:144]
INFO: [Synth 8-638] synthesizing module 'm02_couplers_imp_1OR2HCQ' [W:/snake/project_1/project_1.srcs/sources_1/bd/snake_hw/synth/snake_hw.v:276]
INFO: [Synth 8-256] done synthesizing module 'm02_couplers_imp_1OR2HCQ' (11#1) [W:/snake/project_1/project_1.srcs/sources_1/bd/snake_hw/synth/snake_hw.v:276]
INFO: [Synth 8-638] synthesizing module 's00_couplers_imp_AKRM3F' [W:/snake/project_1/project_1.srcs/sources_1/bd/snake_hw/synth/snake_hw.v:642]
INFO: [Synth 8-256] done synthesizing module 's00_couplers_imp_AKRM3F' (12#1) [W:/snake/project_1/project_1.srcs/sources_1/bd/snake_hw/synth/snake_hw.v:642]
INFO: [Synth 8-638] synthesizing module 'snake_hw_xbar_0' [W:/snake/project_1/project_1.runs/synth_1/.Xil/Vivado-6556-Windows_Bence/realtime/snake_hw_xbar_0_stub.v:6]
INFO: [Synth 8-256] done synthesizing module 'snake_hw_xbar_0' (13#1) [W:/snake/project_1/project_1.runs/synth_1/.Xil/Vivado-6556-Windows_Bence/realtime/snake_hw_xbar_0_stub.v:6]
WARNING: [Synth 8-350] instance 'xbar' of module 'snake_hw_xbar_0' requires 40 connections, but only 38 given [W:/snake/project_1/project_1.srcs/sources_1/bd/snake_hw/synth/snake_hw.v:1774]
INFO: [Synth 8-256] done synthesizing module 'snake_hw_microblaze_0_axi_periph_1' (14#1) [W:/snake/project_1/project_1.srcs/sources_1/bd/snake_hw/synth/snake_hw.v:1221]
INFO: [Synth 8-638] synthesizing module 'microblaze_0_local_memory_imp_2L902L' [W:/snake/project_1/project_1.srcs/sources_1/bd/snake_hw/synth/snake_hw.v:408]
INFO: [Synth 8-638] synthesizing module 'snake_hw_dlmb_bram_if_cntlr_1' [W:/snake/project_1/project_1.runs/synth_1/.Xil/Vivado-6556-Windows_Bence/realtime/snake_hw_dlmb_bram_if_cntlr_1_stub.v:6]
INFO: [Synth 8-256] done synthesizing module 'snake_hw_dlmb_bram_if_cntlr_1' (15#1) [W:/snake/project_1/project_1.runs/synth_1/.Xil/Vivado-6556-Windows_Bence/realtime/snake_hw_dlmb_bram_if_cntlr_1_stub.v:6]
INFO: [Synth 8-638] synthesizing module 'snake_hw_dlmb_v10_1' [W:/snake/project_1/project_1.runs/synth_1/.Xil/Vivado-6556-Windows_Bence/realtime/snake_hw_dlmb_v10_1_stub.v:6]
INFO: [Synth 8-256] done synthesizing module 'snake_hw_dlmb_v10_1' (16#1) [W:/snake/project_1/project_1.runs/synth_1/.Xil/Vivado-6556-Windows_Bence/realtime/snake_hw_dlmb_v10_1_stub.v:6]
WARNING: [Synth 8-350] instance 'dlmb_v10' of module 'snake_hw_dlmb_v10_1' requires 25 connections, but only 24 given [W:/snake/project_1/project_1.srcs/sources_1/bd/snake_hw/synth/snake_hw.v:554]
INFO: [Synth 8-638] synthesizing module 'snake_hw_ilmb_bram_if_cntlr_1' [W:/snake/project_1/project_1.runs/synth_1/.Xil/Vivado-6556-Windows_Bence/realtime/snake_hw_ilmb_bram_if_cntlr_1_stub.v:6]
INFO: [Synth 8-256] done synthesizing module 'snake_hw_ilmb_bram_if_cntlr_1' (17#1) [W:/snake/project_1/project_1.runs/synth_1/.Xil/Vivado-6556-Windows_Bence/realtime/snake_hw_ilmb_bram_if_cntlr_1_stub.v:6]
INFO: [Synth 8-638] synthesizing module 'snake_hw_ilmb_v10_1' [W:/snake/project_1/project_1.runs/synth_1/.Xil/Vivado-6556-Windows_Bence/realtime/snake_hw_ilmb_v10_1_stub.v:6]
INFO: [Synth 8-256] done synthesizing module 'snake_hw_ilmb_v10_1' (18#1) [W:/snake/project_1/project_1.runs/synth_1/.Xil/Vivado-6556-Windows_Bence/realtime/snake_hw_ilmb_v10_1_stub.v:6]
WARNING: [Synth 8-350] instance 'ilmb_v10' of module 'snake_hw_ilmb_v10_1' requires 25 connections, but only 24 given [W:/snake/project_1/project_1.srcs/sources_1/bd/snake_hw/synth/snake_hw.v:600]
INFO: [Synth 8-638] synthesizing module 'snake_hw_lmb_bram_1' [W:/snake/project_1/project_1.runs/synth_1/.Xil/Vivado-6556-Windows_Bence/realtime/snake_hw_lmb_bram_1_stub.v:6]
INFO: [Synth 8-256] done synthesizing module 'snake_hw_lmb_bram_1' (19#1) [W:/snake/project_1/project_1.runs/synth_1/.Xil/Vivado-6556-Windows_Bence/realtime/snake_hw_lmb_bram_1_stub.v:6]
WARNING: [Synth 8-350] instance 'lmb_bram' of module 'snake_hw_lmb_bram_1' requires 16 connections, but only 14 given [W:/snake/project_1/project_1.srcs/sources_1/bd/snake_hw/synth/snake_hw.v:625]
INFO: [Synth 8-256] done synthesizing module 'microblaze_0_local_memory_imp_2L902L' (20#1) [W:/snake/project_1/project_1.srcs/sources_1/bd/snake_hw/synth/snake_hw.v:408]
INFO: [Synth 8-638] synthesizing module 'snake_hw_microblaze_0_xlconcat_0' [W:/snake/project_1/project_1.runs/synth_1/.Xil/Vivado-6556-Windows_Bence/realtime/snake_hw_microblaze_0_xlconcat_0_stub.v:6]
INFO: [Synth 8-256] done synthesizing module 'snake_hw_microblaze_0_xlconcat_0' (21#1) [W:/snake/project_1/project_1.runs/synth_1/.Xil/Vivado-6556-Windows_Bence/realtime/snake_hw_microblaze_0_xlconcat_0_stub.v:6]
INFO: [Synth 8-638] synthesizing module 'snake_hw_rst_clk_wiz_1_100M_1' [W:/snake/project_1/project_1.runs/synth_1/.Xil/Vivado-6556-Windows_Bence/realtime/snake_hw_rst_clk_wiz_1_100M_1_stub.v:6]
INFO: [Synth 8-256] done synthesizing module 'snake_hw_rst_clk_wiz_1_100M_1' (22#1) [W:/snake/project_1/project_1.runs/synth_1/.Xil/Vivado-6556-Windows_Bence/realtime/snake_hw_rst_clk_wiz_1_100M_1_stub.v:6]
WARNING: [Synth 8-350] instance 'rst_clk_wiz_1_100M' of module 'snake_hw_rst_clk_wiz_1_100M_1' requires 10 connections, but only 9 given [W:/snake/project_1/project_1.srcs/sources_1/bd/snake_hw/synth/snake_hw.v:1209]
INFO: [Synth 8-256] done synthesizing module 'snake_hw' (23#1) [W:/snake/project_1/project_1.srcs/sources_1/bd/snake_hw/synth/snake_hw.v:789]
INFO: [Synth 8-256] done synthesizing module 'snake_hw_wrapper' (24#1) [W:/snake/project_1/project_1.srcs/sources_1/bd/snake_hw/hdl/snake_hw_wrapper.v:12]
WARNING: [Synth 8-3331] design s00_couplers_imp_AKRM3F has unconnected port M_ACLK
WARNING: [Synth 8-3331] design s00_couplers_imp_AKRM3F has unconnected port M_ARESETN
WARNING: [Synth 8-3331] design s00_couplers_imp_AKRM3F has unconnected port S_ACLK
WARNING: [Synth 8-3331] design s00_couplers_imp_AKRM3F has unconnected port S_ARESETN
WARNING: [Synth 8-3331] design m02_couplers_imp_1OR2HCQ has unconnected port M_ACLK
WARNING: [Synth 8-3331] design m02_couplers_imp_1OR2HCQ has unconnected port M_ARESETN
WARNING: [Synth 8-3331] design m02_couplers_imp_1OR2HCQ has unconnected port S_ACLK
WARNING: [Synth 8-3331] design m02_couplers_imp_1OR2HCQ has unconnected port S_ARESETN
WARNING: [Synth 8-3331] design m01_couplers_imp_DFXYYG has unconnected port M_ACLK
WARNING: [Synth 8-3331] design m01_couplers_imp_DFXYYG has unconnected port M_ARESETN
WARNING: [Synth 8-3331] design m01_couplers_imp_DFXYYG has unconnected port S_ACLK
WARNING: [Synth 8-3331] design m01_couplers_imp_DFXYYG has unconnected port S_ARESETN
WARNING: [Synth 8-3331] design m00_couplers_imp_1PWQS49 has unconnected port M_ACLK
WARNING: [Synth 8-3331] design m00_couplers_imp_1PWQS49 has unconnected port M_ARESETN
WARNING: [Synth 8-3331] design m00_couplers_imp_1PWQS49 has unconnected port S_ACLK
WARNING: [Synth 8-3331] design m00_couplers_imp_1PWQS49 has unconnected port S_ARESETN
---------------------------------------------------------------------------------
Finished RTL Elaboration : Time (s): cpu = 00:00:07 ; elapsed = 00:00:07 . Memory (MB): peak = 435.277 ; gain = 155.055
---------------------------------------------------------------------------------

Report Check Netlist: 
+------+------------------+-------+---------+-------+------------------+
|      |Item              |Errors |Warnings |Status |Description       |
+------+------------------+-------+---------+-------+------------------+
|1     |multi_driven_nets |      0|        0|Passed |Multi driven nets |
+------+------------------+-------+---------+-------+------------------+
---------------------------------------------------------------------------------
Finished RTL Optimization Phase 1 : Time (s): cpu = 00:00:07 ; elapsed = 00:00:07 . Memory (MB): peak = 435.277 ; gain = 155.055
---------------------------------------------------------------------------------
INFO: [Device 21-403] Loading part xc7k70tfbg676-1
INFO: [Project 1-570] Preparing netlist for logic optimization

Processing XDC Constraints
Initializing timing engine
Parsing XDC File [W:/snake/project_1/project_1.runs/synth_1/.Xil/Vivado-6556-Windows_Bence/dcp16/snake_hw_microblaze_0_0_in_context.xdc] for cell 'snake_hw_i/microblaze_0'
Finished Parsing XDC File [W:/snake/project_1/project_1.runs/synth_1/.Xil/Vivado-6556-Windows_Bence/dcp16/snake_hw_microblaze_0_0_in_context.xdc] for cell 'snake_hw_i/microblaze_0'
Parsing XDC File [W:/snake/project_1/project_1.runs/synth_1/.Xil/Vivado-6556-Windows_Bence/dcp17/snake_hw_microblaze_0_axi_intc_0_in_context.xdc] for cell 'snake_hw_i/microblaze_0_axi_intc'
Finished Parsing XDC File [W:/snake/project_1/project_1.runs/synth_1/.Xil/Vivado-6556-Windows_Bence/dcp17/snake_hw_microblaze_0_axi_intc_0_in_context.xdc] for cell 'snake_hw_i/microblaze_0_axi_intc'
Parsing XDC File [W:/snake/project_1/project_1.runs/synth_1/.Xil/Vivado-6556-Windows_Bence/dcp18/snake_hw_microblaze_0_xlconcat_0_in_context.xdc] for cell 'snake_hw_i/microblaze_0_xlconcat'
Finished Parsing XDC File [W:/snake/project_1/project_1.runs/synth_1/.Xil/Vivado-6556-Windows_Bence/dcp18/snake_hw_microblaze_0_xlconcat_0_in_context.xdc] for cell 'snake_hw_i/microblaze_0_xlconcat'
Parsing XDC File [W:/snake/project_1/project_1.runs/synth_1/.Xil/Vivado-6556-Windows_Bence/dcp19/snake_hw_mdm_1_1_in_context.xdc] for cell 'snake_hw_i/mdm_1'
Finished Parsing XDC File [W:/snake/project_1/project_1.runs/synth_1/.Xil/Vivado-6556-Windows_Bence/dcp19/snake_hw_mdm_1_1_in_context.xdc] for cell 'snake_hw_i/mdm_1'
Parsing XDC File [W:/snake/project_1/project_1.runs/synth_1/.Xil/Vivado-6556-Windows_Bence/dcp20/snake_hw_clk_wiz_1_1_in_context.xdc] for cell 'snake_hw_i/clk_wiz_1'
Finished Parsing XDC File [W:/snake/project_1/project_1.runs/synth_1/.Xil/Vivado-6556-Windows_Bence/dcp20/snake_hw_clk_wiz_1_1_in_context.xdc] for cell 'snake_hw_i/clk_wiz_1'
Parsing XDC File [W:/snake/project_1/project_1.runs/synth_1/.Xil/Vivado-6556-Windows_Bence/dcp21/snake_hw_rst_clk_wiz_1_100M_1_in_context.xdc] for cell 'snake_hw_i/rst_clk_wiz_1_100M'
Finished Parsing XDC File [W:/snake/project_1/project_1.runs/synth_1/.Xil/Vivado-6556-Windows_Bence/dcp21/snake_hw_rst_clk_wiz_1_100M_1_in_context.xdc] for cell 'snake_hw_i/rst_clk_wiz_1_100M'
Parsing XDC File [W:/snake/project_1/project_1.runs/synth_1/.Xil/Vivado-6556-Windows_Bence/dcp22/snake_hw_axi_uartlite_0_1_in_context.xdc] for cell 'snake_hw_i/axi_uartlite_0'
Finished Parsing XDC File [W:/snake/project_1/project_1.runs/synth_1/.Xil/Vivado-6556-Windows_Bence/dcp22/snake_hw_axi_uartlite_0_1_in_context.xdc] for cell 'snake_hw_i/axi_uartlite_0'
Parsing XDC File [W:/snake/project_1/project_1.runs/synth_1/.Xil/Vivado-6556-Windows_Bence/dcp23/snake_hw_axi_gpio_0_0_in_context.xdc] for cell 'snake_hw_i/axi_gpio_0'
Finished Parsing XDC File [W:/snake/project_1/project_1.runs/synth_1/.Xil/Vivado-6556-Windows_Bence/dcp23/snake_hw_axi_gpio_0_0_in_context.xdc] for cell 'snake_hw_i/axi_gpio_0'
Parsing XDC File [W:/snake/project_1/project_1.runs/synth_1/.Xil/Vivado-6556-Windows_Bence/dcp24/snake_hw_xbar_0_in_context.xdc] for cell 'snake_hw_i/microblaze_0_axi_periph/xbar'
Finished Parsing XDC File [W:/snake/project_1/project_1.runs/synth_1/.Xil/Vivado-6556-Windows_Bence/dcp24/snake_hw_xbar_0_in_context.xdc] for cell 'snake_hw_i/microblaze_0_axi_periph/xbar'
Parsing XDC File [W:/snake/project_1/project_1.runs/synth_1/.Xil/Vivado-6556-Windows_Bence/dcp25/snake_hw_dlmb_v10_1_in_context.xdc] for cell 'snake_hw_i/microblaze_0_local_memory/dlmb_v10'
Finished Parsing XDC File [W:/snake/project_1/project_1.runs/synth_1/.Xil/Vivado-6556-Windows_Bence/dcp25/snake_hw_dlmb_v10_1_in_context.xdc] for cell 'snake_hw_i/microblaze_0_local_memory/dlmb_v10'
Parsing XDC File [W:/snake/project_1/project_1.runs/synth_1/.Xil/Vivado-6556-Windows_Bence/dcp26/snake_hw_dlmb_v10_1_in_context.xdc] for cell 'snake_hw_i/microblaze_0_local_memory/ilmb_v10'
Finished Parsing XDC File [W:/snake/project_1/project_1.runs/synth_1/.Xil/Vivado-6556-Windows_Bence/dcp26/snake_hw_dlmb_v10_1_in_context.xdc] for cell 'snake_hw_i/microblaze_0_local_memory/ilmb_v10'
Parsing XDC File [W:/snake/project_1/project_1.runs/synth_1/.Xil/Vivado-6556-Windows_Bence/dcp27/snake_hw_dlmb_bram_if_cntlr_1_in_context.xdc] for cell 'snake_hw_i/microblaze_0_local_memory/dlmb_bram_if_cntlr'
Finished Parsing XDC File [W:/snake/project_1/project_1.runs/synth_1/.Xil/Vivado-6556-Windows_Bence/dcp27/snake_hw_dlmb_bram_if_cntlr_1_in_context.xdc] for cell 'snake_hw_i/microblaze_0_local_memory/dlmb_bram_if_cntlr'
Parsing XDC File [W:/snake/project_1/project_1.runs/synth_1/.Xil/Vivado-6556-Windows_Bence/dcp28/snake_hw_ilmb_bram_if_cntlr_1_in_context.xdc] for cell 'snake_hw_i/microblaze_0_local_memory/ilmb_bram_if_cntlr'
Finished Parsing XDC File [W:/snake/project_1/project_1.runs/synth_1/.Xil/Vivado-6556-Windows_Bence/dcp28/snake_hw_ilmb_bram_if_cntlr_1_in_context.xdc] for cell 'snake_hw_i/microblaze_0_local_memory/ilmb_bram_if_cntlr'
Parsing XDC File [W:/snake/project_1/project_1.runs/synth_1/.Xil/Vivado-6556-Windows_Bence/dcp29/snake_hw_lmb_bram_1_in_context.xdc] for cell 'snake_hw_i/microblaze_0_local_memory/lmb_bram'
Finished Parsing XDC File [W:/snake/project_1/project_1.runs/synth_1/.Xil/Vivado-6556-Windows_Bence/dcp29/snake_hw_lmb_bram_1_in_context.xdc] for cell 'snake_hw_i/microblaze_0_local_memory/lmb_bram'
Parsing XDC File [W:/snake/project_1/project_1.runs/synth_1/.Xil/Vivado-6556-Windows_Bence/dcp30/snake_hw_VGA_transmitter_0_1_in_context.xdc] for cell 'snake_hw_i/VGA_transmitter_0'
Finished Parsing XDC File [W:/snake/project_1/project_1.runs/synth_1/.Xil/Vivado-6556-Windows_Bence/dcp30/snake_hw_VGA_transmitter_0_1_in_context.xdc] for cell 'snake_hw_i/VGA_transmitter_0'
Parsing XDC File [W:/snake/project_1/project_1.runs/synth_1/.Xil/Vivado-6556-Windows_Bence/dcp31/snake_hw_c_counter_binary_0_0_in_context.xdc] for cell 'snake_hw_i/c_counter_binary_0'
Finished Parsing XDC File [W:/snake/project_1/project_1.runs/synth_1/.Xil/Vivado-6556-Windows_Bence/dcp31/snake_hw_c_counter_binary_0_0_in_context.xdc] for cell 'snake_hw_i/c_counter_binary_0'
Parsing XDC File [W:/snake/project_1/project_1.srcs/constrs_1/new/snake_upd.xdc]
WARNING: [Vivado 12-584] No ports matched 'GPIO2_0_tri_io[7]'. [W:/snake/project_1/project_1.srcs/constrs_1/new/snake_upd.xdc:2]
WARNING: [Vivado 12-584] No ports matched 'GPIO2_0_tri_io[6]'. [W:/snake/project_1/project_1.srcs/constrs_1/new/snake_upd.xdc:3]
WARNING: [Vivado 12-584] No ports matched 'GPIO2_0_tri_io[5]'. [W:/snake/project_1/project_1.srcs/constrs_1/new/snake_upd.xdc:4]
WARNING: [Vivado 12-584] No ports matched 'GPIO2_0_tri_io[4]'. [W:/snake/project_1/project_1.srcs/constrs_1/new/snake_upd.xdc:5]
WARNING: [Vivado 12-584] No ports matched 'GPIO2_0_tri_io[3]'. [W:/snake/project_1/project_1.srcs/constrs_1/new/snake_upd.xdc:6]
WARNING: [Vivado 12-584] No ports matched 'GPIO2_0_tri_io[2]'. [W:/snake/project_1/project_1.srcs/constrs_1/new/snake_upd.xdc:7]
WARNING: [Vivado 12-584] No ports matched 'GPIO2_0_tri_io[1]'. [W:/snake/project_1/project_1.srcs/constrs_1/new/snake_upd.xdc:8]
WARNING: [Vivado 12-584] No ports matched 'GPIO2_0_tri_io[0]'. [W:/snake/project_1/project_1.srcs/constrs_1/new/snake_upd.xdc:9]
WARNING: [Vivado 12-584] No ports matched 'reset_rtl_0'. [W:/snake/project_1/project_1.srcs/constrs_1/new/snake_upd.xdc:35]
Finished Parsing XDC File [W:/snake/project_1/project_1.srcs/constrs_1/new/snake_upd.xdc]
WARNING: [Project 1-498] One or more constraints failed evaluation while reading constraint file [W:/snake/project_1/project_1.srcs/constrs_1/new/snake_upd.xdc] and the design contains unresolved black boxes. These constraints will be read post-synthesis (as long as their source constraint file is marked as used_in_implementation) and should be applied correctly then. You should review the constraints listed in the file [.Xil/snake_hw_wrapper_propImpl.xdc] and check the run log file to verify that these constraints were correctly applied.
INFO: [Project 1-236] Implementation specific constraints were found while reading constraint file [W:/snake/project_1/project_1.srcs/constrs_1/new/snake_upd.xdc]. These constraints will be ignored for synthesis but will be used in implementation. Impacted constraints are listed in the file [.Xil/snake_hw_wrapper_propImpl.xdc].
Resolution: To avoid this warning, move constraints listed in [.Xil/snake_hw_wrapper_propImpl.xdc] to another XDC file and exclude this new file from synthesis with the used_in_synthesis property (File Properties dialog in GUI) and re-run elaboration/synthesis.
Parsing XDC File [W:/snake/project_1/project_1.runs/synth_1/dont_touch.xdc]
Finished Parsing XDC File [W:/snake/project_1/project_1.runs/synth_1/dont_touch.xdc]
Completed Processing XDC Constraints

INFO: [Project 1-111] Unisim Transformation Summary:
No Unisim elements were transformed.

Constraint Validation Runtime : Time (s): cpu = 00:00:00 ; elapsed = 00:00:00.010 . Memory (MB): peak = 743.320 ; gain = 0.000
WARNING: [Timing 38-316] Clock period '20.000' specified during out-of-context synthesis of instance 'snake_hw_i/microblaze_0_local_memory/lmb_bram' at clock pin 'clka' is different from the actual clock period '10.000', this can lead to different synthesis results.
---------------------------------------------------------------------------------
Finished Constraint Validation : Time (s): cpu = 00:00:20 ; elapsed = 00:00:21 . Memory (MB): peak = 743.320 ; gain = 463.098
---------------------------------------------------------------------------------
---------------------------------------------------------------------------------
Start Loading Part and Timing Information
---------------------------------------------------------------------------------
Loading part: xc7k70tfbg676-1
---------------------------------------------------------------------------------
Finished Loading Part and Timing Information : Time (s): cpu = 00:00:20 ; elapsed = 00:00:21 . Memory (MB): peak = 743.320 ; gain = 463.098
---------------------------------------------------------------------------------
---------------------------------------------------------------------------------
Start Applying 'set_property' XDC Constraints
---------------------------------------------------------------------------------
Applied set_property IO_BUFFER_TYPE = NONE for clk_in1_0. (constraint file  W:/snake/project_1/project_1.runs/synth_1/.Xil/Vivado-6556-Windows_Bence/dcp20/snake_hw_clk_wiz_1_1_in_context.xdc, line 3).
Applied set_property CLOCK_BUFFER_TYPE = NONE for clk_in1_0. (constraint file  W:/snake/project_1/project_1.runs/synth_1/.Xil/Vivado-6556-Windows_Bence/dcp20/snake_hw_clk_wiz_1_1_in_context.xdc, line 4).
Applied set_property DONT_TOUCH = true for snake_hw_i. (constraint file  auto generated constraint, line ).
Applied set_property DONT_TOUCH = true for snake_hw_i/VGA_transmitter_0. (constraint file  auto generated constraint, line ).
Applied set_property DONT_TOUCH = true for snake_hw_i/axi_gpio_0. (constraint file  auto generated constraint, line ).
Applied set_property DONT_TOUCH = true for snake_hw_i/axi_uartlite_0. (constraint file  auto generated constraint, line ).
Applied set_property DONT_TOUCH = true for snake_hw_i/c_counter_binary_0. (constraint file  auto generated constraint, line ).
Applied set_property DONT_TOUCH = true for snake_hw_i/clk_wiz_1. (constraint file  auto generated constraint, line ).
Applied set_property DONT_TOUCH = true for snake_hw_i/mdm_1. (constraint file  auto generated constraint, line ).
Applied set_property DONT_TOUCH = true for snake_hw_i/microblaze_0. (constraint file  auto generated constraint, line ).
Applied set_property DONT_TOUCH = true for snake_hw_i/microblaze_0_axi_intc. (constraint file  auto generated constraint, line ).
Applied set_property DONT_TOUCH = true for snake_hw_i/microblaze_0_axi_periph. (constraint file  auto generated constraint, line ).
Applied set_property DONT_TOUCH = true for snake_hw_i/microblaze_0_axi_periph/xbar. (constraint file  auto generated constraint, line ).
Applied set_property DONT_TOUCH = true for snake_hw_i/microblaze_0_local_memory/dlmb_bram_if_cntlr. (constraint file  auto generated constraint, line ).
Applied set_property DONT_TOUCH = true for snake_hw_i/microblaze_0_local_memory/dlmb_v10. (constraint file  auto generated constraint, line ).
Applied set_property DONT_TOUCH = true for snake_hw_i/microblaze_0_local_memory/ilmb_bram_if_cntlr. (constraint file  auto generated constraint, line ).
Applied set_property DONT_TOUCH = true for snake_hw_i/microblaze_0_local_memory/ilmb_v10. (constraint file  auto generated constraint, line ).
Applied set_property DONT_TOUCH = true for snake_hw_i/microblaze_0_local_memory/lmb_bram. (constraint file  auto generated constraint, line ).
Applied set_property DONT_TOUCH = true for snake_hw_i/microblaze_0_xlconcat. (constraint file  auto generated constraint, line ).
Applied set_property DONT_TOUCH = true for snake_hw_i/rst_clk_wiz_1_100M. (constraint file  auto generated constraint, line ).
---------------------------------------------------------------------------------
Finished applying 'set_property' XDC Constraints : Time (s): cpu = 00:00:20 ; elapsed = 00:00:22 . Memory (MB): peak = 743.320 ; gain = 463.098
---------------------------------------------------------------------------------
---------------------------------------------------------------------------------
Finished RTL Optimization Phase 2 : Time (s): cpu = 00:00:20 ; elapsed = 00:00:22 . Memory (MB): peak = 743.320 ; gain = 463.098
---------------------------------------------------------------------------------

Report RTL Partitions: 
+-+--------------+------------+----------+
| |RTL Partition |Replication |Instances |
+-+--------------+------------+----------+
+-+--------------+------------+----------+
---------------------------------------------------------------------------------
Start RTL Component Statistics 
---------------------------------------------------------------------------------
Detailed RTL Component Info : 
---------------------------------------------------------------------------------
Finished RTL Component Statistics 
---------------------------------------------------------------------------------
---------------------------------------------------------------------------------
Start RTL Hierarchical Component Statistics 
---------------------------------------------------------------------------------
Hierarchical RTL Component report 
---------------------------------------------------------------------------------
Finished RTL Hierarchical Component Statistics
---------------------------------------------------------------------------------
---------------------------------------------------------------------------------
Start Part Resource Summary
---------------------------------------------------------------------------------
Part Resources:
DSPs: 240 (col length:80)
BRAMs: 270 (col length: RAMB18 80 RAMB36 40)
---------------------------------------------------------------------------------
Finished Part Resource Summary
---------------------------------------------------------------------------------
---------------------------------------------------------------------------------
Start Cross Boundary and Area Optimization
---------------------------------------------------------------------------------
WARNING: [Synth 8-3331] design snake_hw_microblaze_0_axi_periph_1 has unconnected port M00_ACLK
WARNING: [Synth 8-3331] design snake_hw_microblaze_0_axi_periph_1 has unconnected port M00_ARESETN
WARNING: [Synth 8-3331] design snake_hw_microblaze_0_axi_periph_1 has unconnected port M01_ACLK
WARNING: [Synth 8-3331] design snake_hw_microblaze_0_axi_periph_1 has unconnected port M01_ARESETN
WARNING: [Synth 8-3331] design snake_hw_microblaze_0_axi_periph_1 has unconnected port M02_ACLK
WARNING: [Synth 8-3331] design snake_hw_microblaze_0_axi_periph_1 has unconnected port M02_ARESETN
WARNING: [Synth 8-3331] design snake_hw_microblaze_0_axi_periph_1 has unconnected port S00_ACLK
WARNING: [Synth 8-3331] design snake_hw_microblaze_0_axi_periph_1 has unconnected port S00_ARESETN
---------------------------------------------------------------------------------
Finished Cross Boundary and Area Optimization : Time (s): cpu = 00:00:21 ; elapsed = 00:00:22 . Memory (MB): peak = 743.320 ; gain = 463.098
---------------------------------------------------------------------------------

Report RTL Partitions: 
+-+--------------+------------+----------+
| |RTL Partition |Replication |Instances |
+-+--------------+------------+----------+
+-+--------------+------------+----------+
---------------------------------------------------------------------------------
Start Applying XDC Timing Constraints
---------------------------------------------------------------------------------
INFO: [Synth 8-5578] Moved timing constraint from pin 'snake_hw_i/mdm_1/Dbg_Clk_0' to pin 'snake_hw_i/mdm_1/bbstub_Dbg_Clk_0/O'
INFO: [Synth 8-5578] Moved timing constraint from pin 'snake_hw_i/mdm_1/Dbg_Update_0' to pin 'snake_hw_i/mdm_1/bbstub_Dbg_Update_0/O'
INFO: [Synth 8-5578] Moved timing constraint from pin 'snake_hw_i/clk_wiz_1/clk_out1' to pin 'snake_hw_i/clk_wiz_1/bbstub_clk_out1/O'
INFO: [Synth 8-5578] Moved timing constraint from pin 'snake_hw_i/microblaze_0_local_memory/dlmb_bram_if_cntlr/BRAM_Clk_A' to pin 'snake_hw_i/microblaze_0_local_memory/dlmb_bram_if_cntlr/bbstub_BRAM_Clk_A/O'
INFO: [Synth 8-5578] Moved timing constraint from pin 'snake_hw_i/microblaze_0_local_memory/ilmb_bram_if_cntlr/BRAM_Clk_A' to pin 'snake_hw_i/microblaze_0_local_memory/ilmb_bram_if_cntlr/bbstub_BRAM_Clk_A/O'
INFO: [Synth 8-5819] Moved 5 constraints on hierarchical pins to their respective driving/loading pins
---------------------------------------------------------------------------------
Finished Applying XDC Timing Constraints : Time (s): cpu = 00:00:30 ; elapsed = 00:00:32 . Memory (MB): peak = 748.070 ; gain = 467.848
---------------------------------------------------------------------------------
---------------------------------------------------------------------------------
Start Timing Optimization
---------------------------------------------------------------------------------
---------------------------------------------------------------------------------
Finished Timing Optimization : Time (s): cpu = 00:00:30 ; elapsed = 00:00:32 . Memory (MB): peak = 748.223 ; gain = 468.000
---------------------------------------------------------------------------------

Report RTL Partitions: 
+-+--------------+------------+----------+
| |RTL Partition |Replication |Instances |
+-+--------------+------------+----------+
+-+--------------+------------+----------+
---------------------------------------------------------------------------------
Start Technology Mapping
---------------------------------------------------------------------------------
---------------------------------------------------------------------------------
Finished Technology Mapping : Time (s): cpu = 00:00:30 ; elapsed = 00:00:32 . Memory (MB): peak = 758.707 ; gain = 478.484
---------------------------------------------------------------------------------

Report RTL Partitions: 
+-+--------------+------------+----------+
| |RTL Partition |Replication |Instances |
+-+--------------+------------+----------+
+-+--------------+------------+----------+
---------------------------------------------------------------------------------
Start IO Insertion
---------------------------------------------------------------------------------
---------------------------------------------------------------------------------
Start Flattening Before IO Insertion
---------------------------------------------------------------------------------
---------------------------------------------------------------------------------
Finished Flattening Before IO Insertion
---------------------------------------------------------------------------------
---------------------------------------------------------------------------------
Start Final Netlist Cleanup
---------------------------------------------------------------------------------
---------------------------------------------------------------------------------
Finished Final Netlist Cleanup
---------------------------------------------------------------------------------
---------------------------------------------------------------------------------
Finished IO Insertion : Time (s): cpu = 00:00:31 ; elapsed = 00:00:33 . Memory (MB): peak = 758.707 ; gain = 478.484
---------------------------------------------------------------------------------

Report Check Netlist: 
+------+------------------+-------+---------+-------+------------------+
|      |Item              |Errors |Warnings |Status |Description       |
+------+------------------+-------+---------+-------+------------------+
|1     |multi_driven_nets |      0|        0|Passed |Multi driven nets |
+------+------------------+-------+---------+-------+------------------+
---------------------------------------------------------------------------------
Start Renaming Generated Instances
---------------------------------------------------------------------------------
---------------------------------------------------------------------------------
Finished Renaming Generated Instances : Time (s): cpu = 00:00:31 ; elapsed = 00:00:33 . Memory (MB): peak = 758.707 ; gain = 478.484
---------------------------------------------------------------------------------

Report RTL Partitions: 
+-+--------------+------------+----------+
| |RTL Partition |Replication |Instances |
+-+--------------+------------+----------+
+-+--------------+------------+----------+
---------------------------------------------------------------------------------
Start Rebuilding User Hierarchy
---------------------------------------------------------------------------------
---------------------------------------------------------------------------------
Finished Rebuilding User Hierarchy : Time (s): cpu = 00:00:31 ; elapsed = 00:00:33 . Memory (MB): peak = 758.707 ; gain = 478.484
---------------------------------------------------------------------------------
---------------------------------------------------------------------------------
Start Renaming Generated Ports
---------------------------------------------------------------------------------
---------------------------------------------------------------------------------
Finished Renaming Generated Ports : Time (s): cpu = 00:00:31 ; elapsed = 00:00:33 . Memory (MB): peak = 758.707 ; gain = 478.484
---------------------------------------------------------------------------------
---------------------------------------------------------------------------------
Start Handling Custom Attributes
---------------------------------------------------------------------------------
---------------------------------------------------------------------------------
Finished Handling Custom Attributes : Time (s): cpu = 00:00:31 ; elapsed = 00:00:33 . Memory (MB): peak = 758.707 ; gain = 478.484
---------------------------------------------------------------------------------
---------------------------------------------------------------------------------
Start Renaming Generated Nets
---------------------------------------------------------------------------------
---------------------------------------------------------------------------------
Finished Renaming Generated Nets : Time (s): cpu = 00:00:31 ; elapsed = 00:00:33 . Memory (MB): peak = 758.707 ; gain = 478.484
---------------------------------------------------------------------------------
---------------------------------------------------------------------------------
Start Writing Synthesis Report
---------------------------------------------------------------------------------

Report BlackBoxes: 
+------+---------------------------------+----------+
|      |BlackBox name                    |Instances |
+------+---------------------------------+----------+
|1     |snake_hw_xbar_0                  |         1|
|2     |snake_hw_VGA_transmitter_0_1     |         1|
|3     |snake_hw_axi_gpio_0_0            |         1|
|4     |snake_hw_axi_uartlite_0_1        |         1|
|5     |snake_hw_c_counter_binary_0_0    |         1|
|6     |snake_hw_clk_wiz_1_1             |         1|
|7     |snake_hw_mdm_1_1                 |         1|
|8     |snake_hw_microblaze_0_0          |         1|
|9     |snake_hw_microblaze_0_axi_intc_0 |         1|
|10    |snake_hw_microblaze_0_xlconcat_0 |         1|
|11    |snake_hw_rst_clk_wiz_1_100M_1    |         1|
|12    |snake_hw_dlmb_bram_if_cntlr_1    |         1|
|13    |snake_hw_dlmb_v10_1              |         1|
|14    |snake_hw_ilmb_bram_if_cntlr_1    |         1|
|15    |snake_hw_ilmb_v10_1              |         1|
|16    |snake_hw_lmb_bram_1              |         1|
+------+---------------------------------+----------+

Report Cell Usage: 
+------+---------------------------------+------+
|      |Cell                             |Count |
+------+---------------------------------+------+
|1     |snake_hw_VGA_transmitter_0_1     |     1|
|2     |snake_hw_axi_gpio_0_0            |     1|
|3     |snake_hw_axi_uartlite_0_1        |     1|
|4     |snake_hw_c_counter_binary_0_0    |     1|
|5     |snake_hw_clk_wiz_1_1             |     1|
|6     |snake_hw_dlmb_bram_if_cntlr_1    |     1|
|7     |snake_hw_dlmb_v10_1              |     1|
|8     |snake_hw_ilmb_bram_if_cntlr_1    |     1|
|9     |snake_hw_ilmb_v10_1              |     1|
|10    |snake_hw_lmb_bram_1              |     1|
|11    |snake_hw_mdm_1_1                 |     1|
|12    |snake_hw_microblaze_0_0          |     1|
|13    |snake_hw_microblaze_0_axi_intc_0 |     1|
|14    |snake_hw_microblaze_0_xlconcat_0 |     1|
|15    |snake_hw_rst_clk_wiz_1_100M_1    |     1|
|16    |snake_hw_xbar_0                  |     1|
|17    |IBUF                             |    10|
|18    |OBUF                             |    33|
+------+---------------------------------+------+

Report Instance Areas: 
+------+------------------------------+-------------------------------------+------+
|      |Instance                      |Module                               |Cells |
+------+------------------------------+-------------------------------------+------+
|1     |top                           |                                     |  1371|
|2     |  snake_hw_i                  |snake_hw                             |  1328|
|3     |    microblaze_0_axi_periph   |snake_hw_microblaze_0_axi_periph_1   |   374|
|4     |    microblaze_0_local_memory |microblaze_0_local_memory_imp_2L902L |   496|
+------+------------------------------+-------------------------------------+------+
---------------------------------------------------------------------------------
Finished Writing Synthesis Report : Time (s): cpu = 00:00:31 ; elapsed = 00:00:33 . Memory (MB): peak = 758.707 ; gain = 478.484
---------------------------------------------------------------------------------
Synthesis finished with 0 errors, 0 critical warnings and 8 warnings.
Synthesis Optimization Runtime : Time (s): cpu = 00:00:18 ; elapsed = 00:00:25 . Memory (MB): peak = 758.707 ; gain = 170.441
Synthesis Optimization Complete : Time (s): cpu = 00:00:32 ; elapsed = 00:00:33 . Memory (MB): peak = 758.707 ; gain = 478.484
INFO: [Project 1-571] Translating synthesized netlist
INFO: [Netlist 29-17] Analyzing 10 Unisim elements for replacement
INFO: [Netlist 29-28] Unisim Transformation completed in 0 CPU seconds
INFO: [Project 1-570] Preparing netlist for logic optimization
INFO: [Opt 31-138] Pushed 0 inverter(s) to 0 load pin(s).
INFO: [Project 1-111] Unisim Transformation Summary:
No Unisim elements were transformed.

INFO: [Common 17-83] Releasing license: Synthesis
69 Infos, 41 Warnings, 0 Critical Warnings and 0 Errors encountered.
synth_design completed successfully
synth_design: Time (s): cpu = 00:00:34 ; elapsed = 00:00:38 . Memory (MB): peak = 768.707 ; gain = 495.402
INFO: [Common 17-1381] The checkpoint 'W:/snake/project_1/project_1.runs/synth_1/snake_hw_wrapper.dcp' has been generated.
INFO: [runtcl-4] Executing : report_utilization -file snake_hw_wrapper_utilization_synth.rpt -pb snake_hw_wrapper_utilization_synth.pb
report_utilization: Time (s): cpu = 00:00:00 ; elapsed = 00:00:00.045 . Memory (MB): peak = 769.160 ; gain = 0.047
INFO: [Common 17-206] Exiting Vivado at Thu Oct 11 20:09:28 2018...
