19:50:04 INFO  : Registering command handlers for SDK TCF services
19:50:05 INFO  : Launching XSCT server: xsct.bat -interactive W:\snake\project_1\project_1.sdk\temp_xsdb_launch_script.tcl
19:50:08 INFO  : XSCT server has started successfully.
19:50:11 INFO  : Processing command line option -hwspec W:/snake/project_1/project_1.sdk/snake_hw_wrapper.hdf.
19:50:11 INFO  : Successfully done setting XSCT server connection channel  
19:50:11 INFO  : Successfully done setting SDK workspace  
19:54:56 WARN  : Given IPC port value is invalid. Using default port 2350
19:54:56 WARN  : Given XMD timeout value is invalid. Using default value of 50000
19:54:58 WARN  : Given XMD transaction timeout value is invalid. Using default value of 60000 milli seconds
20:12:34 WARN  : Given XMD transaction timeout value is invalid. Using default value of 60000 milli seconds
20:12:35 WARN  : Given XMD transaction timeout value is invalid. Using default value of 60000 milli seconds
20:12:35 WARN  : Given XMD transaction timeout value is invalid. Using default value of 60000 milli seconds
20:12:35 ERROR : Unexpected error while launching program.
com.xilinx.sdk.targetmanager.TMException: MicroBlaze is under RESET. Check if the Reset input to MicroBlaze and its Bus Interfaces are connected properly
    UNABLE to STOP MicroBlaze

	at com.xilinx.sdk.targetmanager.internal.TM.connectToProcessor(TM.java:478)
	at com.xilinx.sdk.debug.core.XilinxAppLaunchConfigurationDelegate.runTargetSetup(XilinxAppLaunchConfigurationDelegate.java:451)
	at com.xilinx.sdk.debug.core.XilinxAppLaunchConfigurationDelegate.debugApplication(XilinxAppLaunchConfigurationDelegate.java:701)
	at com.xilinx.sdk.debug.core.XilinxAppLaunchConfigurationDelegate.launch(XilinxAppLaunchConfigurationDelegate.java:311)
	at com.xilinx.sdk.debug.ui.XilinxAppLaunchDelegateWrapper.launch(XilinxAppLaunchDelegateWrapper.java:31)
	at org.eclipse.debug.internal.core.LaunchConfiguration.launch(LaunchConfiguration.java:885)
	at org.eclipse.debug.internal.core.LaunchConfiguration.launch(LaunchConfiguration.java:739)
	at org.eclipse.debug.internal.ui.DebugUIPlugin.buildAndLaunch(DebugUIPlugin.java:1039)
	at org.eclipse.debug.internal.ui.DebugUIPlugin$8.run(DebugUIPlugin.java:1256)
	at org.eclipse.core.internal.jobs.Worker.run(Worker.java:55)
20:25:55 WARN  : Given XMD transaction timeout value is invalid. Using default value of 60000 milli seconds
20:25:55 WARN  : Given XMD transaction timeout value is invalid. Using default value of 60000 milli seconds
20:25:55 WARN  : Given XMD transaction timeout value is invalid. Using default value of 60000 milli seconds
20:25:55 WARN  : Given XMD transaction timeout value is invalid. Using default value of 60000 milli seconds
20:25:55 WARN  : Given XMD transaction timeout value is invalid. Using default value of 60000 milli seconds
20:25:55 INFO  : Processor reset is completed for microblaze_0
20:25:55 WARN  : Given XMD transaction timeout value is invalid. Using default value of 60000 milli seconds
20:25:55 ERROR : Unexpected error while launching program.
java.lang.RuntimeException: Failed to download ELF file

Unknown Error Occured
    : W:/snake/project_1/project_1.sdk/snake/Debug/snake.elf

	at com.xilinx.sdk.targetmanager.internal.TM.downloadELF(TM.java:680)
	at com.xilinx.sdk.debug.core.internal.AppRunner.run(AppRunner.java:129)
	at com.xilinx.sdk.debug.core.XilinxAppLaunchConfigurationDelegate.runApplication(XilinxAppLaunchConfigurationDelegate.java:637)
	at com.xilinx.sdk.debug.core.XilinxAppLaunchConfigurationDelegate.launch(XilinxAppLaunchConfigurationDelegate.java:309)
	at com.xilinx.sdk.debug.ui.XilinxAppLaunchDelegateWrapper.launch(XilinxAppLaunchDelegateWrapper.java:31)
	at org.eclipse.debug.internal.core.LaunchConfiguration.launch(LaunchConfiguration.java:885)
	at org.eclipse.debug.internal.core.LaunchConfiguration.launch(LaunchConfiguration.java:739)
	at org.eclipse.debug.internal.ui.DebugUIPlugin.buildAndLaunch(DebugUIPlugin.java:1039)
	at org.eclipse.debug.internal.ui.DebugUIPlugin$8.run(DebugUIPlugin.java:1256)
	at org.eclipse.core.internal.jobs.Worker.run(Worker.java:55)
20:25:55 WARN  : Given XMD transaction timeout value is invalid. Using default value of 60000 milli seconds
20:25:55 WARN  : Given XMD transaction timeout value is invalid. Using default value of 60000 milli seconds
20:25:56 WARN  : Given XMD transaction timeout value is invalid. Using default value of 60000 milli seconds
20:36:28 WARN  : Given XMD transaction timeout value is invalid. Using default value of 60000 milli seconds
20:38:06 WARN  : Given XMD transaction timeout value is invalid. Using default value of 60000 milli seconds
20:38:21 WARN  : Given XMD transaction timeout value is invalid. Using default value of 60000 milli seconds
20:38:25 WARN  : Given XMD transaction timeout value is invalid. Using default value of 60000 milli seconds
20:38:30 WARN  : Given XMD transaction timeout value is invalid. Using default value of 60000 milli seconds
20:40:01 ERROR : Unexpected error while parsing XMD response ?: com.google.gson.JsonSyntaxException: com.google.gson.stream.MalformedJsonException: invalid number or unquoted string near 
20:41:20 INFO  : Registering command handlers for SDK TCF services
20:41:20 INFO  : Launching XSCT server: xsct.bat -interactive W:\snake\project_1\project_1.sdk\temp_xsdb_launch_script.tcl
20:41:23 INFO  : XSCT server has started successfully.
20:41:23 INFO  : Successfully done setting XSCT server connection channel  
20:41:25 INFO  : Successfully done setting SDK workspace  
20:41:25 INFO  : Processing command line option -hwspec W:/snake/project_1/project_1.sdk/snake_hw_wrapper.hdf.
20:41:25 INFO  : Checking for hwspec changes in the project snake_hw_wrapper_hw_platform_0.
20:41:27 INFO  : SDK has detected change in the last modified timestamps for source hardware specification file Source:1538590926180,  Project:1538588878610
20:41:27 INFO  : The hardware specification for project 'snake_hw_wrapper_hw_platform_0' is different from W:/snake/project_1/project_1.sdk/snake_hw_wrapper.hdf.
20:41:27 INFO  : Copied contents of W:/snake/project_1/project_1.sdk/snake_hw_wrapper.hdf into \snake_hw_wrapper_hw_platform_0\system.hdf.
20:41:27 INFO  : Synchronizing projects in the workspace with the hardware platform specification changes.
20:41:29 INFO  : 
20:41:30 INFO  : Clearing existing target manager status.
20:41:30 WARN  : Given IPC port value is invalid. Using default port 2350
20:41:30 WARN  : Given XMD timeout value is invalid. Using default value of 50000
20:41:32 WARN  : Given XMD transaction timeout value is invalid. Using default value of 60000 milli seconds
20:41:32 INFO  : Workspace synchronized with the new hardware specification file. Cleaning dependent projects...
20:41:33 WARN  : Linker script will not be updated automatically. Users need to update it manually.
20:42:51 INFO  : Example project standalone_bsp_0_xuartlite_intr_example_1 has been created successfully.
20:43:13 WARN  : Given XMD transaction timeout value is invalid. Using default value of 60000 milli seconds
20:43:14 WARN  : Given XMD transaction timeout value is invalid. Using default value of 60000 milli seconds
20:43:14 WARN  : Given XMD transaction timeout value is invalid. Using default value of 60000 milli seconds
20:43:14 WARN  : Given XMD transaction timeout value is invalid. Using default value of 60000 milli seconds
20:43:14 WARN  : Given XMD transaction timeout value is invalid. Using default value of 60000 milli seconds
20:43:15 WARN  : Given XMD transaction timeout value is invalid. Using default value of 60000 milli seconds
20:43:15 INFO  : Processor reset is completed for microblaze_0
20:43:15 WARN  : Given XMD transaction timeout value is invalid. Using default value of 60000 milli seconds
20:43:15 WARN  : Given XMD transaction timeout value is invalid. Using default value of 60000 milli seconds
20:43:15 WARN  : Given XMD transaction timeout value is invalid. Using default value of 60000 milli seconds
20:43:15 WARN  : Given XMD transaction timeout value is invalid. Using default value of 60000 milli seconds
20:43:15 WARN  : Given XMD transaction timeout value is invalid. Using default value of 60000 milli seconds
20:43:15 WARN  : Given XMD transaction timeout value is invalid. Using default value of 60000 milli seconds
20:43:42 WARN  : Given XMD transaction timeout value is invalid. Using default value of 60000 milli seconds
20:43:42 WARN  : Given XMD transaction timeout value is invalid. Using default value of 60000 milli seconds
20:44:17 INFO  : Example project standalone_bsp_0_xgpio_example_1 has been created successfully.
20:47:09 WARN  : Given XMD transaction timeout value is invalid. Using default value of 60000 milli seconds
20:47:09 WARN  : Given XMD transaction timeout value is invalid. Using default value of 60000 milli seconds
20:47:10 WARN  : Given XMD transaction timeout value is invalid. Using default value of 60000 milli seconds
20:47:10 WARN  : Given XMD transaction timeout value is invalid. Using default value of 60000 milli seconds
20:47:10 WARN  : Given XMD transaction timeout value is invalid. Using default value of 60000 milli seconds
20:47:10 INFO  : Processor reset is completed for microblaze_0
20:47:10 WARN  : Given XMD transaction timeout value is invalid. Using default value of 60000 milli seconds
20:47:10 WARN  : Given XMD transaction timeout value is invalid. Using default value of 60000 milli seconds
20:47:10 WARN  : Given XMD transaction timeout value is invalid. Using default value of 60000 milli seconds
20:47:10 WARN  : Given XMD transaction timeout value is invalid. Using default value of 60000 milli seconds
20:47:10 WARN  : Given XMD transaction timeout value is invalid. Using default value of 60000 milli seconds
20:47:10 WARN  : Given XMD transaction timeout value is invalid. Using default value of 60000 milli seconds
20:47:29 WARN  : Given XMD transaction timeout value is invalid. Using default value of 60000 milli seconds
20:47:29 INFO  : microblaze_0 Processor is in use. Please stop existing Run or Debug sessions before launching.
20:47:33 WARN  : Given XMD transaction timeout value is invalid. Using default value of 60000 milli seconds
20:47:33 WARN  : Given XMD transaction timeout value is invalid. Using default value of 60000 milli seconds
20:47:33 WARN  : Given XMD transaction timeout value is invalid. Using default value of 60000 milli seconds
20:47:33 INFO  : Processor reset is completed for microblaze_0
20:47:33 WARN  : Given XMD transaction timeout value is invalid. Using default value of 60000 milli seconds
20:47:33 WARN  : Given XMD transaction timeout value is invalid. Using default value of 60000 milli seconds
20:47:33 WARN  : Given XMD transaction timeout value is invalid. Using default value of 60000 milli seconds
20:47:33 WARN  : Given XMD transaction timeout value is invalid. Using default value of 60000 milli seconds
20:47:34 WARN  : Given XMD transaction timeout value is invalid. Using default value of 60000 milli seconds
20:47:34 WARN  : Given XMD transaction timeout value is invalid. Using default value of 60000 milli seconds
20:47:51 WARN  : Given XMD transaction timeout value is invalid. Using default value of 60000 milli seconds
20:47:51 INFO  : microblaze_0 Processor is in use. Please stop existing Run or Debug sessions before launching.
20:47:52 WARN  : Given XMD transaction timeout value is invalid. Using default value of 60000 milli seconds
20:47:52 WARN  : Given XMD transaction timeout value is invalid. Using default value of 60000 milli seconds
20:47:52 WARN  : Given XMD transaction timeout value is invalid. Using default value of 60000 milli seconds
20:47:52 INFO  : Processor reset is completed for microblaze_0
20:47:52 WARN  : Given XMD transaction timeout value is invalid. Using default value of 60000 milli seconds
20:47:53 WARN  : Given XMD transaction timeout value is invalid. Using default value of 60000 milli seconds
20:47:53 WARN  : Given XMD transaction timeout value is invalid. Using default value of 60000 milli seconds
20:47:53 WARN  : Given XMD transaction timeout value is invalid. Using default value of 60000 milli seconds
20:47:53 WARN  : Given XMD transaction timeout value is invalid. Using default value of 60000 milli seconds
20:47:53 WARN  : Given XMD transaction timeout value is invalid. Using default value of 60000 milli seconds
20:49:23 WARN  : Given XMD transaction timeout value is invalid. Using default value of 60000 milli seconds
20:49:23 INFO  : microblaze_0 Processor is in use. Please stop existing Run or Debug sessions before launching.
20:49:26 WARN  : Given XMD transaction timeout value is invalid. Using default value of 60000 milli seconds
20:49:26 WARN  : Given XMD transaction timeout value is invalid. Using default value of 60000 milli seconds
20:49:26 WARN  : Given XMD transaction timeout value is invalid. Using default value of 60000 milli seconds
20:49:26 INFO  : Processor reset is completed for microblaze_0
20:49:26 WARN  : Given XMD transaction timeout value is invalid. Using default value of 60000 milli seconds
20:49:26 WARN  : Given XMD transaction timeout value is invalid. Using default value of 60000 milli seconds
20:49:26 WARN  : Given XMD transaction timeout value is invalid. Using default value of 60000 milli seconds
20:49:26 WARN  : Given XMD transaction timeout value is invalid. Using default value of 60000 milli seconds
20:49:26 WARN  : Given XMD transaction timeout value is invalid. Using default value of 60000 milli seconds
20:49:26 WARN  : Given XMD transaction timeout value is invalid. Using default value of 60000 milli seconds
20:49:54 WARN  : Given XMD transaction timeout value is invalid. Using default value of 60000 milli seconds
20:49:54 INFO  : microblaze_0 Processor is in use. Please stop existing Run or Debug sessions before launching.
20:49:55 WARN  : Given XMD transaction timeout value is invalid. Using default value of 60000 milli seconds
20:49:55 WARN  : Given XMD transaction timeout value is invalid. Using default value of 60000 milli seconds
20:49:55 WARN  : Given XMD transaction timeout value is invalid. Using default value of 60000 milli seconds
20:49:55 INFO  : Processor reset is completed for microblaze_0
20:49:55 WARN  : Given XMD transaction timeout value is invalid. Using default value of 60000 milli seconds
20:49:55 WARN  : Given XMD transaction timeout value is invalid. Using default value of 60000 milli seconds
20:49:55 WARN  : Given XMD transaction timeout value is invalid. Using default value of 60000 milli seconds
20:49:55 WARN  : Given XMD transaction timeout value is invalid. Using default value of 60000 milli seconds
20:49:55 WARN  : Given XMD transaction timeout value is invalid. Using default value of 60000 milli seconds
20:49:56 WARN  : Given XMD transaction timeout value is invalid. Using default value of 60000 milli seconds
20:50:07 WARN  : Given XMD transaction timeout value is invalid. Using default value of 60000 milli seconds
20:50:07 WARN  : Given XMD transaction timeout value is invalid. Using default value of 60000 milli seconds
20:50:07 ERROR : Unexpected error while parsing XMD response ?: com.google.gson.JsonSyntaxException: com.google.gson.stream.MalformedJsonException: invalid number or unquoted string near 
